<?xml version="1.0" encoding="UTF-8"?>
<!-- Generated by org.testng.reporters.JUnitReportReporter -->
<testsuite hostname="piuuu" failures="0" tests="12" name="testcases.Cart_page_Test" time="39.520" errors="0" timestamp="2024-01-02T15:06:05 IST" skipped="0">
  <testcase classname="testcases.Cart_page_Test" name="verifylinkdinlogo" time="2.715"/>
  <system-out>
    <![CDATA[linkdin logo cart page=true]]>
  </system-out>
  <testcase classname="testcases.Cart_page_Test" name="VerifyshoppingCartPageTest" time="3.662"/>
  <system-out>
    <![CDATA[shopping cart of inventory page:- true]]>
  </system-out>
  <testcase classname="testcases.Cart_page_Test" name="remove3productsCartPage" time="7.573"/>
  <system-out>
    <![CDATA[remove 3 products of cart page=3]]>
  </system-out>
  <testcase classname="testcases.Cart_page_Test" name="verifyURLofCheckOutPageTest" time="3.034"/>
  <system-out>
    <![CDATA[url of checkout pagetest=https://www.saucedemo.com/checkout-step-one.html]]>
  </system-out>
  <testcase classname="testcases.Cart_page_Test" name="verifyfacebooklogo" time="2.670"/>
  <system-out>
    <![CDATA[facebook logo of cart page=true]]>
  </system-out>
  <testcase classname="testcases.Cart_page_Test" name="VerifyURLofCartPageTest" time="2.608"/>
  <system-out>
    <![CDATA[url of your cart=https://www.saucedemo.com/cart.html]]>
  </system-out>
  <testcase classname="testcases.Cart_page_Test" name="verifythreedoticon" time="2.829"/>
  <system-out>
    <![CDATA[visibility of cart page open menu three dot linestrue]]>
  </system-out>
  <testcase classname="testcases.Cart_page_Test" name="verifyfootertext" time="3.156"/>
  <system-out>
    <![CDATA[footer line text cart page=true]]>
  </system-out>
  <testcase classname="testcases.Cart_page_Test" name="verifycheckoutbuttonTest" time="2.697"/>
  <system-out>
    <![CDATA[checkout button of cart page=Checkout]]>
  </system-out>
  <testcase classname="testcases.Cart_page_Test" name="verifydescriptiontest" time="2.728"/>
  <system-out>
    <![CDATA[visibility of cart page description label= Description]]>
  </system-out>
  <testcase classname="testcases.Cart_page_Test" name="verifycartTwitterlogo" time="2.744"/>
  <system-out>
    <![CDATA[twitter log of cart page=true]]>
  </system-out>
  <testcase classname="testcases.Cart_page_Test" name="verifyCartTitleTest" time="3.104"/>
  <system-out>
    <![CDATA[title of your cart:-=Your Cart]]>
  </system-out>
</testsuite> <!-- testcases.Cart_page_Test -->
