<?xml version="1.0" encoding="UTF-8"?>
<!-- Generated by org.testng.reporters.JUnitReportReporter -->
<testsuite hostname="piuuu" failures="0" tests="3" name="testcases.Checkout_page1_Test" time="10.947" errors="0" timestamp="2024-01-02T15:06:05 IST" skipped="0">
  <testcase classname="testcases.Checkout_page1_Test" name="verifyVerifycheckoutpagetexTtest" time="4.405"/>
  <system-out>
    <![CDATA[text on the checkout page = Checkout: Your Information]]>
  </system-out>
  <testcase classname="testcases.Checkout_page1_Test" name="VerifyURLofcheckoutpage1Test" time="2.761"/>
  <system-out>
    <![CDATA[title oof chechk out page 1 = https://www.saucedemo.com/checkout-step-one.html]]>
  </system-out>
  <testcase classname="testcases.Checkout_page1_Test" name="inputinformationTest" time="3.781"/>
  <system-out>
    <![CDATA[title of checkout page 2= https://www.saucedemo.com/checkout-step-two.html]]>
  </system-out>
</testsuite> <!-- testcases.Checkout_page1_Test -->
