<?xml version="1.0" encoding="UTF-8"?>
<!-- Generated by org.testng.reporters.JUnitReportReporter -->
<testsuite hostname="piuuu" failures="0" tests="2" name="testcases.Checkout_Page2_Test" time="5.983" errors="0" timestamp="2024-01-02T15:06:05 IST" skipped="0">
  <testcase classname="testcases.Checkout_Page2_Test" name="verifyClickonfinishbtnTest" time="3.027"/>
  <system-out>
    <![CDATA[url of the finish page= https://www.saucedemo.com/checkout-complete.html]]>
  </system-out>
  <testcase classname="testcases.Checkout_Page2_Test" name="VerifyCheckoutpage2TextTest" time="2.956"/>
  <system-out>
    <![CDATA[checkout page text label= Checkout: Overview]]>
  </system-out>
</testsuite> <!-- testcases.Checkout_Page2_Test -->
