<?xml version="1.0" encoding="UTF-8"?>
<!-- Generated by org.testng.reporters.JUnitReportReporter -->
<testsuite hostname="piuuu" failures="0" tests="6" name="testcases.Complete_PageTest" time="18.711" errors="0" timestamp="2024-01-02T15:06:05 IST" skipped="0">
  <testcase classname="testcases.Complete_PageTest" name="VerifybackhomebtnTest" time="2.911"/>
  <system-out>
    <![CDATA[url after clicking on back home button = https://www.saucedemo.com/inventory.html]]>
  </system-out>
  <testcase classname="testcases.Complete_PageTest" name="VerifyThankyouTextTest" time="3.324"/>
  <system-out>
    <![CDATA[Thank you text = Thank you for your order!]]>
  </system-out>
  <testcase classname="testcases.Complete_PageTest" name="VerifycompletetextTest" time="3.658"/>
  <system-out>
    <![CDATA[long complete test =Your order has been dispatched, and will arrive just as fast as the pony can get there!]]>
  </system-out>
  <testcase classname="testcases.Complete_PageTest" name="VerifyURLofcompletepageTest" time="2.867"/>
  <system-out>
    <![CDATA[url of complete page= https://www.saucedemo.com/checkout-complete.html]]>
  </system-out>
  <testcase classname="testcases.Complete_PageTest" name="VerifycompletepagetxtlableTest" time="3.044"/>
  <system-out>
    <![CDATA[complete page text= Checkout: Complete!]]>
  </system-out>
  <testcase classname="testcases.Complete_PageTest" name="VerifyDisplayimageTest" time="2.907"/>
  <system-out>
    <![CDATA[display of image complete page:- true]]>
  </system-out>
</testsuite> <!-- testcases.Complete_PageTest -->
