<?xml version="1.0" encoding="UTF-8"?>
<!-- Generated by org.testng.reporters.JUnitReportReporter -->
<testsuite hostname="piuuu" failures="0" tests="1" name="testcases.LoginpageTest" time="3.798" errors="0" timestamp="2024-01-03T13:48:44 IST" skipped="0">
  <testcase classname="testcases.LoginpageTest" name="loginToApplication" time="3.798"/>
  <system-out/>
</testsuite> <!-- testcases.LoginpageTest -->
